<?xml version="1.0" encoding="UTF-8"?>
<beans xmlns="http://www.springframework.org/schema/beans"
       xmlns:xsi="http://www.w3.org/2001/XMLSchema-instance"
       xsi:schemaLocation="
          http://www.springframework.org/schema/beans http://www.springframework.org/schema/beans/spring-beans.xsd
          http://camel.apache.org/schema/spring http://camel.apache.org/schema/spring/camel-spring.xsd">
 
    <bean id="whiteList" class="com.integ.integration.mailer.WhitelistChecker">
        <constructor-arg value="test1@integ.com"/>
        <constructor-arg value="gmail.com,hotmail.com"/>
        <constructor-arg value="override@integ.com"/>
    </bean> 

</beans>
